<?xml version="1.0" encoding="UTF-8"?>
<testsuite xmlns:xsi="http://www.w3.org/2001/XMLSchema-instance" xsi:noNamespaceSchemaLocation="https://maven.apache.org/surefire/maven-surefire-plugin/xsd/surefire-test-report.xsd" version="3.0.2" name="mx.unam.aragon.ico.te.gameweb.GamewebApplicationTests" time="3.234" tests="1" errors="0" skipped="0" failures="0" flakes="0">
  <properties>
[...]
</properties>
  <testcase name="contextLoads" classname="mx.unam.aragon.ico.te.gameweb.GamewebApplicationTests" time="0.894">
    <system-out><![CDATA[19:33:50.799 [main] INFO org.springframework.test.context.support.AnnotationConfigContextLoaderUtils -- Could not detect default configuration classes for test class [mx.unam.aragon.ico.te.gameweb.GamewebApplicationTests]: GamewebApplicationTests does not declare any static, non-private, non-final, nested classes annotated with @Configuration.
19:33:50.920 [main] INFO org.springframework.boot.test.context.SpringBootTestContextBootstrapper -- Found @SpringBootConfiguration mx.unam.aragon.ico.te.gameweb.GamewebApplication for test class mx.unam.aragon.ico.te.gameweb.GamewebApplicationTests
19:33:51.041 [main] INFO org.springframework.test.context.support.AnnotationConfigContextLoaderUtils -- Could not detect default configuration classes for test class [mx.unam.aragon.ico.te.gameweb.GamewebApplicationTests]: GamewebApplicationTests does not declare any static, non-private, non-final, nested classes annotated with @Configuration.
19:33:51.043 [main] INFO org.springframework.boot.test.context.SpringBootTestContextBootstrapper -- Found @SpringBootConfiguration mx.unam.aragon.ico.te.gameweb.GamewebApplication for test class mx.unam.aragon.ico.te.gameweb.GamewebApplicationTests

  .   ____          _            __ _ _
 /\\ / ___'_ __ _ _(_)_ __  __ _ \ \ \ \
( ( )\___ | '_ | '_| | '_ \/ _` | \ \ \ \
 \\/  ___)| |_)| | | | | || (_| |  ) ) ) )
  '  |____| .__|_| |_|_| |_\__, | / / / /
 =========|_|==============|___/=/_/_/_/

 :: Spring Boot ::                (v4.0.6)

2026-04-25T19:33:51.455-06:00  INFO 14016 --- [gameweb] [           main] m.u.a.i.t.g.GamewebApplicationTests      : Starting GamewebApplicationTests using Java 17.0.18 with PID 14016 (started by Julio in C:\Users\Julio\Desktop\ICO\6toICO\TemasEspeciales1\EjemplosClase\23-04-2026_gameweb\gameweb)
2026-04-25T19:33:51.458-06:00  INFO 14016 --- [gameweb] [           main] m.u.a.i.t.g.GamewebApplicationTests      : No active profile set, falling back to 1 default profile: "default"
2026-04-25T19:33:52.320-06:00  INFO 14016 --- [gameweb] [           main] o.s.b.w.a.WelcomePageHandlerMapping      : Adding welcome page template: index
2026-04-25T19:33:52.809-06:00  INFO 14016 --- [gameweb] [           main] m.u.a.i.t.g.GamewebApplicationTests      : Started GamewebApplicationTests in 1.685 seconds (process running for 2.992)
]]></system-out>
  </testcase>
</testsuite>